#
# A fatal error has been detected by the Java Runtime Environment:
#
#  EXCEPTION_ACCESS_VIOLATION (0xc0000005) at pc=0x00000206892a9e7b, pid=10060, tid=8364
#
# JRE version: OpenJDK Runtime Environment (11.0.11+9) (build 11.0.11+9-b60-7590822)
# Java VM: OpenJDK 64-Bit Server VM (11.0.11+9-b60-7590822, mixed mode, tiered, compressed oops, g1 gc, windows-amd64)
# Problematic frame:
# 
[error occurred during error reporting (printing problematic frame), id 0xc0000005, EXCEPTION_ACCESS_VIOLATION (0xc0000005) at pc=0x00007ffbb9149664]

# No core dump will be written. Minidumps are not enabled by default on client versions of Windows
#
# If you would like to submit a bug report, please visit:
#   https://bugreport.java.com/bugreport/crash.jsp
#

---------------  S U M M A R Y ------------

Command Line: org.jetbrains.kotlin.cli.jvm.K2JVMCompiler @C:\Users\Lenovo\AndroidStudioProjects\NewsApp\app\build\20220716_7149263735356192139.compiler.options

Host: Intel(R) Pentium(R) Silver N5000 CPU @ 1.10GHz, 4 cores, 3G,  Windows 10 , 64 bit Build 19041 (10.0.19041.1806)
Time: Sat Jul 16 23:09:47 2022 Центральная Азия (зима) elapsed time: 64.459049 seconds (0d 0h 1m 4s)

---------------  T H R E A D  ---------------

Current thread (0x0000020685799000):  JavaThread "main" [_thread_in_Java, id=8364, stack(0x000000a315800000,0x000000a315900000)]

Stack: [0x000000a315800000,0x000000a315900000],  sp=0x000000a3158fb500,  free space=1005k
Native frames: (J=compiled Java code, j=interpreted, Vv=VM code, C=native code)
C  0x00000206892a9e7b


siginfo: EXCEPTION_ACCESS_VIOLATION (0xc0000005), reading address 0x000002a39a8c00f0


Register to memory mapping:

RIP=0x00000206892a9e7b is at code_begin+1723 in an Interpreter codelet
invoke return entry points  [0x00000206892a97c0, 0x00000206892aa1a0]  2528 bytes
RAX=0x00000000c4cabde0 is an oop: javaslang.control.Option$None 
{0x00000000c4cabde0} - klass: 'javaslang/control/Option$None'
RBX=0x00000206a4436160 is pointing into metadata
RCX=0x000002a39a8c00c8 is an unknown value
RDX=0x000000a3158fb4a8 is pointing into the stack for thread: 0x0000020685799000
RSP=0x000000a3158fb500 is pointing into the stack for thread: 0x0000020685799000
RBP=0x000000a3158fb548 is pointing into the stack for thread: 0x0000020685799000
RSI=0x000000007b73b322 is an unknown value
RDI=0x00000000c82502a0 is an oop: org.jetbrains.kotlin.resolve.calls.smartcasts.DataFlowValue 
{0x00000000c82502a0} - klass: 'org/jetbrains/kotlin/resolve/calls/smartcasts/DataFlowValue'
R8 =0x0 is NULL
R9 =0x00000000c4caa268 is an oop: java.lang.Class 
{0x00000000c4caa268} - klass: 'java/lang/Class'
R10=0xe9007ffbb959c71a is an unknown value
R11=0x0000020690d62358 is at entry_point+24 in (nmethod*)0x0000020690d62190
R12=0x0 is NULL
R13=0x00000206a39a8ca8 is pointing into metadata
R14=0x000000a3158fb558 is pointing into the stack for thread: 0x0000020685799000
R15=0x0000020685799000 is a thread


Registers:
RAX=0x00000000c4cabde0, RBX=0x00000206a4436160, RCX=0x000002a39a8c00c8, RDX=0x000000a3158fb4a8
RSP=0x000000a3158fb500, RBP=0x000000a3158fb548, RSI=0x000000007b73b322, RDI=0x00000000c82502a0
R8 =0x0000000000000000, R9 =0x00000000c4caa268, R10=0xe9007ffbb959c71a, R11=0x0000020690d62358
R12=0x0000000000000000, R13=0x00000206a39a8ca8, R14=0x000000a3158fb558, R15=0x0000020685799000
RIP=0x00000206892a9e7b, EFLAGS=0x0000000000010a86

Top of Stack: (sp=0x000000a3158fb500)
0x000000a3158fb500:   000000a3158fb500 00000206a39a8ca8
0x000000a3158fb510:   000000a3158fb558 00000206a39a9b60
0x000000a3158fb520:   00000206a4436160 00000000c43bd130
0x000000a3158fb530:   000002a39a8c00c8 0000000000000000
0x000000a3158fb540:   000000a3158fb560 000000a3158fb5a8
0x000000a3158fb550:   00000206892a9e40 0000000000000000
0x000000a3158fb560:   000000a3158fb560 00000206a371ef10
0x000000a3158fb570:   000000a3158fb5d0 00000206a3723fc8
0x000000a3158fb580:   0000000000000000 00000000c420f420
0x000000a3158fb590:   00000206a371ef50 000000a3158fb560
0x000000a3158fb5a0:   000000a3158fb5e0 000000a3158fb6e8
0x000000a3158fb5b0:   000002068a604534 00000000c82502a0
0x000000a3158fb5c0:   000000a37b73b322 0000000000000000
0x000000a3158fb5d0:   00000000c4210570 000002068a604534
0x000000a3158fb5e0:   000000a3158fb5e0 00000206a3313a15
0x000000a3158fb5f0:   000000a3158fb650 00000206a41506e8 

Instructions: (pc=0x00000206892a9e7b)
0x00000206892a9d7b:   00 4c 8b 6d c0 4c 8b 75 c8 41 0f b7 4d 01 48 8b
0x00000206892a9d8b:   5d d0 c1 e1 02 8b 5c cb 38 81 e3 ff 00 00 00 48
0x00000206892a9d9b:   8d 24 dc 41 0f b6 5d 03 49 83 c5 03 49 ba f0 da
0x00000206892a9dab:   5b b9 fb 7f 00 00 41 ff 24 da 48 8b 65 f0 48 c7
0x00000206892a9dbb:   45 f0 00 00 00 00 4c 8b 6d c0 4c 8b 75 c8 41 0f
0x00000206892a9dcb:   b7 4d 01 48 8b 5d d0 c1 e1 02 8b 5c cb 38 81 e3
0x00000206892a9ddb:   ff 00 00 00 48 8d 24 dc 41 0f b6 5d 05 49 83 c5
0x00000206892a9deb:   05 49 ba f0 da 5b b9 fb 7f 00 00 41 ff 24 da 48
0x00000206892a9dfb:   8b 65 f0 48 c7 45 f0 00 00 00 00 4c 8b 6d c0 4c
0x00000206892a9e0b:   8b 75 c8 41 8b 4d 01 f7 d1 48 8b 5d d0 c1 e1 02
0x00000206892a9e1b:   8b 5c cb 38 81 e3 ff 00 00 00 48 8d 24 dc 41 0f
0x00000206892a9e2b:   b6 5d 05 49 83 c5 05 49 ba f0 da 5b b9 fb 7f 00
0x00000206892a9e3b:   00 41 ff 24 da 48 8b 65 f0 48 c7 45 f0 00 00 00
0x00000206892a9e4b:   00 4c 8b 6d c0 4c 8b 75 c8 48 8b 5d d8 48 85 db
0x00000206892a9e5b:   0f 84 84 00 00 00 41 80 7d 00 ba 0f 84 1b 00 00
0x00000206892a9e6b:   00 41 80 7d 00 e9 0f 84 10 00 00 00 48 8b 4d e8
0x00000206892a9e7b:   66 81 79 28 2e 01 0f 85 5e 00 00 00 48 8b c8 48
0x00000206892a9e8b:   85 c9 75 0a 48 81 4b f8 01 00 00 00 eb 4c 8b 49
0x00000206892a9e9b:   08 48 c1 e1 03 48 33 4b f8 48 f7 c1 fc ff ff ff
0x00000206892a9eab:   74 38 48 f7 c1 02 00 00 00 75 2f 48 81 7b f8 00
0x00000206892a9ebb:   00 00 00 74 21 48 81 7b f8 01 00 00 00 74 17 48
0x00000206892a9ecb:   33 4b f8 48 f7 c1 fc ff ff ff 74 0e 48 81 4b f8
0x00000206892a9edb:   02 00 00 00 eb 04 48 89 4b f8 41 0f b7 4d 01 48
0x00000206892a9eeb:   8b 5d d0 c1 e1 02 8b 5c cb 38 81 e3 ff 00 00 00
0x00000206892a9efb:   48 8d 24 dc 41 0f b6 5d 03 49 83 c5 03 49 ba f0
0x00000206892a9f0b:   e2 5b b9 fb 7f 00 00 41 ff 24 da 48 8b 65 f0 48
0x00000206892a9f1b:   c7 45 f0 00 00 00 00 4c 8b 6d c0 4c 8b 75 c8 48
0x00000206892a9f2b:   8b 5d d8 48 85 db 0f 84 84 00 00 00 41 80 7d 00
0x00000206892a9f3b:   ba 0f 84 1b 00 00 00 41 80 7d 00 e9 0f 84 10 00
0x00000206892a9f4b:   00 00 48 8b 4d e8 66 81 79 28 2e 01 0f 85 5e 00
0x00000206892a9f5b:   00 00 48 8b c8 48 85 c9 75 0a 48 81 4b f8 01 00
0x00000206892a9f6b:   00 00 eb 4c 8b 49 08 48 c1 e1 03 48 33 4b f8 48 


Stack slot to memory mapping:
stack at sp + 0 slots: 0x000000a3158fb500 is pointing into the stack for thread: 0x0000020685799000
stack at sp + 1 slots: 0x00000206a39a8ca8 is pointing into metadata
stack at sp + 2 slots: 0x000000a3158fb558 is pointing into the stack for thread: 0x0000020685799000
stack at sp + 3 slots: 0x00000206a39a9b60 is pointing into metadata
stack at sp + 4 slots: 0x00000206a4436160 is pointing into metadata
stack at sp + 5 slots: 0x00000000c43bd130 is an oop: java.lang.Class 
{0x00000000c43bd130} - klass: 'java/lang/Class'
stack at sp + 6 slots: 0x000002a39a8c00c8 is an unknown value
stack at sp + 7 slots: 0x0 is NULL

invoke return entry points  [0x00000206892a97c0, 0x00000206892aa1a0]  2528 bytes

---------------  P R O C E S S  ---------------

Threads class SMR info:
_java_thread_list=0x000002069dda3830, length=10, elements={
0x0000020685799000, 0x000002069dad6000, 0x000002069dadf000, 0x000002069daf4000,
0x000002069daf5000, 0x000002069daf6800, 0x000002069db3c800, 0x000002069db3f800,
0x000002069dcc6800, 0x000002069ddc2000
}

Java Threads: ( => current thread )
=>0x0000020685799000 JavaThread "main" [_thread_in_Java, id=8364, stack(0x000000a315800000,0x000000a315900000)]
  0x000002069dad6000 JavaThread "Reference Handler" daemon [_thread_blocked, id=4052, stack(0x000000a315f00000,0x000000a316000000)]
  0x000002069dadf000 JavaThread "Finalizer" daemon [_thread_blocked, id=9448, stack(0x000000a316000000,0x000000a316100000)]
  0x000002069daf4000 JavaThread "Signal Dispatcher" daemon [_thread_blocked, id=5016, stack(0x000000a316100000,0x000000a316200000)]
  0x000002069daf5000 JavaThread "Attach Listener" daemon [_thread_blocked, id=4104, stack(0x000000a316200000,0x000000a316300000)]
  0x000002069daf6800 JavaThread "Service Thread" daemon [_thread_blocked, id=2272, stack(0x000000a316300000,0x000000a316400000)]
  0x000002069db3c800 JavaThread "C2 CompilerThread0" daemon [_thread_blocked, id=10084, stack(0x000000a316400000,0x000000a316500000)]
  0x000002069db3f800 JavaThread "C1 CompilerThread0" daemon [_thread_blocked, id=3332, stack(0x000000a316500000,0x000000a316600000)]
  0x000002069dcc6800 JavaThread "Sweeper thread" daemon [_thread_blocked, id=8444, stack(0x000000a316600000,0x000000a316700000)]
  0x000002069ddc2000 JavaThread "Common-Cleaner" daemon [_thread_blocked, id=9040, stack(0x000000a316800000,0x000000a316900000)]

Other Threads:
  0x000002069daad800 VMThread "VM Thread" [stack: 0x000000a315e00000,0x000000a315f00000] [id=6448] _threads_hazard_ptr=0x000002069dda3830
  0x000002069ddb9800 WatcherThread [stack: 0x000000a316700000,0x000000a316800000] [id=5872]
  0x00000206857b2000 GCTaskThread "GC Thread#0" [stack: 0x000000a315900000,0x000000a315a00000] [id=472]
  0x000002069e254800 GCTaskThread "GC Thread#1" [stack: 0x000000a316900000,0x000000a316a00000] [id=5360]
  0x00000206857cb000 ConcurrentGCThread "G1 Main Marker" [stack: 0x000000a315a00000,0x000000a315b00000] [id=1856]
  0x00000206857cd000 ConcurrentGCThread "G1 Conc#0" [stack: 0x000000a315b00000,0x000000a315c00000] [id=7640]
  0x0000020685813800 ConcurrentGCThread "G1 Refine#0" [stack: 0x000000a315c00000,0x000000a315d00000] [id=10164]
  0x000002069ef47800 ConcurrentGCThread "G1 Refine#1" [stack: 0x000000a316a00000,0x000000a316b00000] [id=6436]
  0x000002069f01a800 ConcurrentGCThread "G1 Refine#2" [stack: 0x000000a316b00000,0x000000a316c00000] [id=3444]
  0x0000020685816000 ConcurrentGCThread "G1 Young RemSet Sampling" [stack: 0x000000a315d00000,0x000000a315e00000] [id=9780]

Threads with active compile tasks:

VM state:synchronizing (normal execution)

VM Mutex/Monitor currently owned by a thread:  ([mutex/lock_event])
[0x0000020685795bb0] Safepoint_lock - owner thread: 0x000002069daad800
[0x00000206857953d0] Threads_lock - owner thread: 0x000002069daad800

Heap address: 0x00000000c2c00000, size: 980 MB, Compressed Oops mode: 32-bit
Narrow klass base: 0x0000000000000000, Narrow klass shift: 3
Compressed class space size: 1073741824 Address: 0x0000000100000000

Heap:
 garbage-first heap   total 94208K, used 59987K [0x00000000c2c00000, 0x0000000100000000)
  region size 1024K, 8 young (8192K), 2 survivors (2048K)
 Metaspace       used 60995K, capacity 61817K, committed 61904K, reserved 1103872K
  class space    used 7059K, capacity 7381K, committed 7420K, reserved 1048576K
Heap Regions: E=young(eden), S=young(survivor), O=old, HS=humongous(starts), HC=humongous(continues), CS=collection set, F=free, A=archive, TAMS=top-at-mark-start (previous, next)
|   0|0x00000000c2c00000, 0x00000000c2d00000, 0x00000000c2d00000|100%|HS|  |TAMS 0x00000000c2d00000, 0x00000000c2c00000| Complete 
|   1|0x00000000c2d00000, 0x00000000c2e00000, 0x00000000c2e00000|100%|HC|  |TAMS 0x00000000c2e00000, 0x00000000c2d00000| Complete 
|   2|0x00000000c2e00000, 0x00000000c2f00000, 0x00000000c2f00000|100%|HC|  |TAMS 0x00000000c2f00000, 0x00000000c2e00000| Complete 
|   3|0x00000000c2f00000, 0x00000000c3000000, 0x00000000c3000000|100%| O|  |TAMS 0x00000000c3000000, 0x00000000c2f00000| Untracked 
|   4|0x00000000c3000000, 0x00000000c3100000, 0x00000000c3100000|100%| O|  |TAMS 0x00000000c3100000, 0x00000000c3000000| Untracked 
|   5|0x00000000c3100000, 0x00000000c3200000, 0x00000000c3200000|100%| O|  |TAMS 0x00000000c3200000, 0x00000000c3100000| Untracked 
|   6|0x00000000c3200000, 0x00000000c3300000, 0x00000000c3300000|100%| O|  |TAMS 0x00000000c3300000, 0x00000000c3200000| Untracked 
|   7|0x00000000c3300000, 0x00000000c3400000, 0x00000000c3400000|100%| O|  |TAMS 0x00000000c3400000, 0x00000000c3300000| Untracked 
|   8|0x00000000c3400000, 0x00000000c3500000, 0x00000000c3500000|100%| O|  |TAMS 0x00000000c3500000, 0x00000000c3400000| Untracked 
|   9|0x00000000c3500000, 0x00000000c3600000, 0x00000000c3600000|100%|HS|  |TAMS 0x00000000c3600000, 0x00000000c3500000| Complete 
|  10|0x00000000c3600000, 0x00000000c3700000, 0x00000000c3700000|100%|HC|  |TAMS 0x00000000c3700000, 0x00000000c3600000| Complete 
|  11|0x00000000c3700000, 0x00000000c3800000, 0x00000000c3800000|100%|HC|  |TAMS 0x00000000c3800000, 0x00000000c3700000| Complete 
|  12|0x00000000c3800000, 0x00000000c3900000, 0x00000000c3900000|100%|HS|  |TAMS 0x00000000c3900000, 0x00000000c3800000| Complete 
|  13|0x00000000c3900000, 0x00000000c3a00000, 0x00000000c3a00000|100%|HC|  |TAMS 0x00000000c3a00000, 0x00000000c3900000| Complete 
|  14|0x00000000c3a00000, 0x00000000c3b00000, 0x00000000c3b00000|100%|HC|  |TAMS 0x00000000c3b00000, 0x00000000c3a00000| Complete 
|  15|0x00000000c3b00000, 0x00000000c3c00000, 0x00000000c3c00000|100%| O|  |TAMS 0x00000000c3c00000, 0x00000000c3b00000| Untracked 
|  16|0x00000000c3c00000, 0x00000000c3d00000, 0x00000000c3d00000|100%| O|  |TAMS 0x00000000c3d00000, 0x00000000c3c00000| Untracked 
|  17|0x00000000c3d00000, 0x00000000c3e00000, 0x00000000c3e00000|100%| O|  |TAMS 0x00000000c3e00000, 0x00000000c3d00000| Untracked 
|  18|0x00000000c3e00000, 0x00000000c3f00000, 0x00000000c3f00000|100%| O|  |TAMS 0x00000000c3f00000, 0x00000000c3e00000| Untracked 
|  19|0x00000000c3f00000, 0x00000000c4000000, 0x00000000c4000000|100%| O|  |TAMS 0x00000000c4000000, 0x00000000c3f00000| Untracked 
|  20|0x00000000c4000000, 0x00000000c4100000, 0x00000000c4100000|100%| O|  |TAMS 0x00000000c4100000, 0x00000000c4000000| Untracked 
|  21|0x00000000c4100000, 0x00000000c4200000, 0x00000000c4200000|100%| O|  |TAMS 0x00000000c4200000, 0x00000000c4100000| Untracked 
|  22|0x00000000c4200000, 0x00000000c4300000, 0x00000000c4300000|100%| O|  |TAMS 0x00000000c4300000, 0x00000000c4200000| Untracked 
|  23|0x00000000c4300000, 0x00000000c4400000, 0x00000000c4400000|100%| O|  |TAMS 0x00000000c4400000, 0x00000000c4300000| Untracked 
|  24|0x00000000c4400000, 0x00000000c4500000, 0x00000000c4500000|100%| O|  |TAMS 0x00000000c4500000, 0x00000000c4400000| Untracked 
|  25|0x00000000c4500000, 0x00000000c4600000, 0x00000000c4600000|100%| O|  |TAMS 0x00000000c4600000, 0x00000000c4500000| Untracked 
|  26|0x00000000c4600000, 0x00000000c4700000, 0x00000000c4700000|100%| O|  |TAMS 0x00000000c4700000, 0x00000000c4600000| Untracked 
|  27|0x00000000c4700000, 0x00000000c4800000, 0x00000000c4800000|100%| O|  |TAMS 0x00000000c4800000, 0x00000000c4700000| Untracked 
|  28|0x00000000c4800000, 0x00000000c4900000, 0x00000000c4900000|100%|HS|  |TAMS 0x00000000c4900000, 0x00000000c4800000| Complete 
|  29|0x00000000c4900000, 0x00000000c4a00000, 0x00000000c4a00000|100%|HC|  |TAMS 0x00000000c4a00000, 0x00000000c4900000| Complete 
|  30|0x00000000c4a00000, 0x00000000c4b00000, 0x00000000c4b00000|100%| O|  |TAMS 0x00000000c4b00000, 0x00000000c4a00000| Untracked 
|  31|0x00000000c4b00000, 0x00000000c4c00000, 0x00000000c4c00000|100%| O|  |TAMS 0x00000000c4c00000, 0x00000000c4b00000| Untracked 
|  32|0x00000000c4c00000, 0x00000000c4d00000, 0x00000000c4d00000|100%| O|  |TAMS 0x00000000c4d00000, 0x00000000c4c00000| Untracked 
|  33|0x00000000c4d00000, 0x00000000c4e00000, 0x00000000c4e00000|100%| O|  |TAMS 0x00000000c4e00000, 0x00000000c4d00000| Untracked 
|  34|0x00000000c4e00000, 0x00000000c4f00000, 0x00000000c4f00000|100%| O|  |TAMS 0x00000000c4f00000, 0x00000000c4e00000| Untracked 
|  35|0x00000000c4f00000, 0x00000000c5000000, 0x00000000c5000000|100%| O|  |TAMS 0x00000000c5000000, 0x00000000c4f00000| Untracked 
|  36|0x00000000c5000000, 0x00000000c5100000, 0x00000000c5100000|100%| O|  |TAMS 0x00000000c5100000, 0x00000000c5000000| Untracked 
|  37|0x00000000c5100000, 0x00000000c5200000, 0x00000000c5200000|100%| O|  |TAMS 0x00000000c5200000, 0x00000000c5100000| Untracked 
|  38|0x00000000c5200000, 0x00000000c5300000, 0x00000000c5300000|100%| O|  |TAMS 0x00000000c5300000, 0x00000000c5200000| Untracked 
|  39|0x00000000c5300000, 0x00000000c5400000, 0x00000000c5400000|100%| O|  |TAMS 0x00000000c5400000, 0x00000000c5300000| Untracked 
|  40|0x00000000c5400000, 0x00000000c5500000, 0x00000000c5500000|100%| O|  |TAMS 0x00000000c5500000, 0x00000000c5400000| Untracked 
|  41|0x00000000c5500000, 0x00000000c5600000, 0x00000000c5600000|100%| O|  |TAMS 0x00000000c5600000, 0x00000000c5500000| Untracked 
|  42|0x00000000c5600000, 0x00000000c5700000, 0x00000000c5700000|100%| O|  |TAMS 0x00000000c5700000, 0x00000000c5600000| Untracked 
|  43|0x00000000c5700000, 0x00000000c5800000, 0x00000000c5800000|100%| O|  |TAMS 0x00000000c5800000, 0x00000000c5700000| Untracked 
|  44|0x00000000c5800000, 0x00000000c5900000, 0x00000000c5900000|100%| O|  |TAMS 0x00000000c5900000, 0x00000000c5800000| Untracked 
|  45|0x00000000c5900000, 0x00000000c5a00000, 0x00000000c5a00000|100%| O|  |TAMS 0x00000000c5a00000, 0x00000000c5900000| Untracked 
|  46|0x00000000c5a00000, 0x00000000c5b00000, 0x00000000c5b00000|100%| O|  |TAMS 0x00000000c5b00000, 0x00000000c5a00000| Untracked 
|  47|0x00000000c5b00000, 0x00000000c5c00000, 0x00000000c5c00000|100%| O|  |TAMS 0x00000000c5c00000, 0x00000000c5b00000| Untracked 
|  48|0x00000000c5c00000, 0x00000000c5d00000, 0x00000000c5d00000|100%| O|  |TAMS 0x00000000c5d00000, 0x00000000c5c00000| Untracked 
|  49|0x00000000c5d00000, 0x00000000c5e00000, 0x00000000c5e00000|100%| O|  |TAMS 0x00000000c5e00000, 0x00000000c5d00000| Untracked 
|  50|0x00000000c5e00000, 0x00000000c5f00000, 0x00000000c5f00000|100%| O|  |TAMS 0x00000000c5f00000, 0x00000000c5e00000| Untracked 
|  51|0x00000000c5f00000, 0x00000000c6000000, 0x00000000c6000000|100%| O|  |TAMS 0x00000000c6000000, 0x00000000c5f00000| Untracked 
|  52|0x00000000c6000000, 0x00000000c6000000, 0x00000000c6100000|  0%| F|  |TAMS 0x00000000c6000000, 0x00000000c6000000| Untracked 
|  53|0x00000000c6100000, 0x00000000c6100000, 0x00000000c6200000|  0%| F|  |TAMS 0x00000000c6100000, 0x00000000c6100000| Untracked 
|  54|0x00000000c6200000, 0x00000000c6200000, 0x00000000c6300000|  0%| F|  |TAMS 0x00000000c6200000, 0x00000000c6200000| Untracked 
|  55|0x00000000c6300000, 0x00000000c6300000, 0x00000000c6400000|  0%| F|  |TAMS 0x00000000c6300000, 0x00000000c6300000| Untracked 
|  56|0x00000000c6400000, 0x00000000c6400000, 0x00000000c6500000|  0%| F|  |TAMS 0x00000000c6400000, 0x00000000c6400000| Untracked 
|  57|0x00000000c6500000, 0x00000000c6500000, 0x00000000c6600000|  0%| F|  |TAMS 0x00000000c6500000, 0x00000000c6500000| Untracked 
|  58|0x00000000c6600000, 0x00000000c6600000, 0x00000000c6700000|  0%| F|  |TAMS 0x00000000c6600000, 0x00000000c6600000| Untracked 
|  59|0x00000000c6700000, 0x00000000c6700000, 0x00000000c6800000|  0%| F|  |TAMS 0x00000000c6700000, 0x00000000c6700000| Untracked 
|  60|0x00000000c6800000, 0x00000000c6800000, 0x00000000c6900000|  0%| F|  |TAMS 0x00000000c6800000, 0x00000000c6800000| Untracked 
|  61|0x00000000c6900000, 0x00000000c6900000, 0x00000000c6a00000|  0%| F|  |TAMS 0x00000000c6900000, 0x00000000c6900000| Untracked 
|  62|0x00000000c6a00000, 0x00000000c6a00000, 0x00000000c6b00000|  0%| F|  |TAMS 0x00000000c6a00000, 0x00000000c6a00000| Untracked 
|  63|0x00000000c6b00000, 0x00000000c6b00000, 0x00000000c6c00000|  0%| F|  |TAMS 0x00000000c6b00000, 0x00000000c6b00000| Untracked 
|  64|0x00000000c6c00000, 0x00000000c6c00000, 0x00000000c6d00000|  0%| F|  |TAMS 0x00000000c6c00000, 0x00000000c6c00000| Untracked 
|  65|0x00000000c6d00000, 0x00000000c6d00000, 0x00000000c6e00000|  0%| F|  |TAMS 0x00000000c6d00000, 0x00000000c6d00000| Untracked 
|  66|0x00000000c6e00000, 0x00000000c6e00000, 0x00000000c6f00000|  0%| F|  |TAMS 0x00000000c6e00000, 0x00000000c6e00000| Untracked 
|  67|0x00000000c6f00000, 0x00000000c6f00000, 0x00000000c7000000|  0%| F|  |TAMS 0x00000000c6f00000, 0x00000000c6f00000| Untracked 
|  68|0x00000000c7000000, 0x00000000c7000000, 0x00000000c7100000|  0%| F|  |TAMS 0x00000000c7000000, 0x00000000c7000000| Untracked 
|  69|0x00000000c7100000, 0x00000000c7100000, 0x00000000c7200000|  0%| F|  |TAMS 0x00000000c7100000, 0x00000000c7100000| Untracked 
|  70|0x00000000c7200000, 0x00000000c7200000, 0x00000000c7300000|  0%| F|  |TAMS 0x00000000c7200000, 0x00000000c7200000| Untracked 
|  71|0x00000000c7300000, 0x00000000c7300000, 0x00000000c7400000|  0%| F|  |TAMS 0x00000000c7300000, 0x00000000c7300000| Untracked 
|  72|0x00000000c7400000, 0x00000000c7400000, 0x00000000c7500000|  0%| F|  |TAMS 0x00000000c7400000, 0x00000000c7400000| Untracked 
|  73|0x00000000c7500000, 0x00000000c7500000, 0x00000000c7600000|  0%| F|  |TAMS 0x00000000c7500000, 0x00000000c7500000| Untracked 
|  74|0x00000000c7600000, 0x00000000c7600000, 0x00000000c7700000|  0%| F|  |TAMS 0x00000000c7600000, 0x00000000c7600000| Untracked 
|  75|0x00000000c7700000, 0x00000000c7700000, 0x00000000c7800000|  0%| F|  |TAMS 0x00000000c7700000, 0x00000000c7700000| Untracked 
|  76|0x00000000c7800000, 0x00000000c7800000, 0x00000000c7900000|  0%| F|  |TAMS 0x00000000c7800000, 0x00000000c7800000| Untracked 
|  77|0x00000000c7900000, 0x00000000c7994f20, 0x00000000c7a00000| 58%| S|CS|TAMS 0x00000000c7900000, 0x00000000c7900000| Complete 
|  78|0x00000000c7a00000, 0x00000000c7b00000, 0x00000000c7b00000|100%| S|CS|TAMS 0x00000000c7a00000, 0x00000000c7a00000| Complete 
|  79|0x00000000c7b00000, 0x00000000c7b00000, 0x00000000c7c00000|  0%| F|  |TAMS 0x00000000c7b00000, 0x00000000c7b00000| Untracked 
|  80|0x00000000c7c00000, 0x00000000c7c00000, 0x00000000c7d00000|  0%| F|  |TAMS 0x00000000c7c00000, 0x00000000c7c00000| Untracked 
|  81|0x00000000c7d00000, 0x00000000c7d00000, 0x00000000c7e00000|  0%| F|  |TAMS 0x00000000c7d00000, 0x00000000c7d00000| Untracked 
|  82|0x00000000c7e00000, 0x00000000c7e00000, 0x00000000c7f00000|  0%| F|  |TAMS 0x00000000c7e00000, 0x00000000c7e00000| Untracked 
|  83|0x00000000c7f00000, 0x00000000c7f00000, 0x00000000c8000000|  0%| F|  |TAMS 0x00000000c7f00000, 0x00000000c7f00000| Untracked 
|  84|0x00000000c8000000, 0x00000000c8000000, 0x00000000c8100000|  0%| F|  |TAMS 0x00000000c8000000, 0x00000000c8000000| Untracked 
|  85|0x00000000c8100000, 0x00000000c8100000, 0x00000000c8200000|  0%| F|  |TAMS 0x00000000c8100000, 0x00000000c8100000| Untracked 
|  86|0x00000000c8200000, 0x00000000c8284cd8, 0x00000000c8300000| 51%| E|  |TAMS 0x00000000c8200000, 0x00000000c8200000| Complete 
|  87|0x00000000c8300000, 0x00000000c8400000, 0x00000000c8400000|100%| E|CS|TAMS 0x00000000c8300000, 0x00000000c8300000| Complete 
|  88|0x00000000c8400000, 0x00000000c8500000, 0x00000000c8500000|100%| E|CS|TAMS 0x00000000c8400000, 0x00000000c8400000| Complete 
|  89|0x00000000c8500000, 0x00000000c8600000, 0x00000000c8600000|100%| E|CS|TAMS 0x00000000c8500000, 0x00000000c8500000| Complete 
|  90|0x00000000c8600000, 0x00000000c8700000, 0x00000000c8700000|100%| E|CS|TAMS 0x00000000c8600000, 0x00000000c8600000| Complete 
|  91|0x00000000c8700000, 0x00000000c8800000, 0x00000000c8800000|100%| E|CS|TAMS 0x00000000c8700000, 0x00000000c8700000| Complete 

Card table byte_map: [0x0000020698ab0000,0x0000020698ca0000] _byte_map_base: 0x000002069849a000

Marking Bits (Prev, Next): (CMBitMap*) 0x00000206857c64b8, (CMBitMap*) 0x00000206857c64f0
 Prev Bits: [0x0000020698e90000, 0x0000020699de0000)
 Next Bits: [0x0000020699de0000, 0x000002069ad30000)

Polling page: 0x0000020683ee0000

Metaspace:

Usage:
  Non-class:     53.16 MB capacity,    52.67 MB (>99%) used,   398.36 KB ( <1%) free+waste,   101.69 KB ( <1%) overhead. 
      Class:      7.21 MB capacity,     6.89 MB ( 96%) used,   276.84 KB (  4%) free+waste,    45.00 KB ( <1%) overhead. 
       Both:     60.37 MB capacity,    59.57 MB ( 99%) used,   675.20 KB (  1%) free+waste,   146.69 KB ( <1%) overhead. 

Virtual space:
  Non-class space:       54.00 MB reserved,      53.21 MB ( 99%) committed 
      Class space:        1.00 GB reserved,       7.25 MB ( <1%) committed 
             Both:        1.05 GB reserved,      60.45 MB (  6%) committed 

Chunk freelists:
   Non-Class:  48.00 KB
       Class:  11.00 KB
        Both:  59.00 KB

MaxMetaspaceSize: 17179869184.00 GB
CompressedClassSpaceSize: 1.00 GB

CodeHeap 'non-profiled nmethods': size=120064Kb used=3241Kb max_used=3241Kb free=116822Kb
 bounds [0x0000020690d60000, 0x0000020691090000, 0x00000206982a0000]
CodeHeap 'profiled nmethods': size=120000Kb used=17577Kb max_used=17577Kb free=102422Kb
 bounds [0x0000020689830000, 0x000002068a960000, 0x0000020690d60000]
CodeHeap 'non-nmethods': size=5696Kb used=1207Kb max_used=1249Kb free=4488Kb
 bounds [0x00000206892a0000, 0x0000020689510000, 0x0000020689830000]
 total_blobs=7655 nmethods=7084 adapters=482
 compilation: enabled
              stopped_count=0, restarted_count=0
 full_count=0

Compilation events (20 events):
Event: 64.216 Thread 0x000002069db3f800 7178       2       org.jetbrains.kotlin.storage.LockBasedStorageManager$CacheWithNullableValuesBasedOnMemoizedFunction::computeIfAbsent (22 bytes)
Event: 64.216 Thread 0x000002069db3f800 nmethod 7178 0x000002068a959790 code [0x000002068a959960, 0x000002068a959bd8]
Event: 64.216 Thread 0x000002069db3f800 7179       2       org.jetbrains.kotlin.storage.LockBasedStorageManager$KeyWithComputation::<init> (15 bytes)
Event: 64.216 Thread 0x000002069db3f800 nmethod 7179 0x000002068a959d10 code [0x000002068a959ec0, 0x000002068a95a058]
Event: 64.216 Thread 0x000002069db3f800 7162       1       org.jetbrains.kotlin.com.intellij.psi.impl.compiled.StubBuildingVisitor$MethodInfo::access$600 (5 bytes)
Event: 64.216 Thread 0x000002069db3f800 nmethod 7162 0x0000020691076e90 code [0x0000020691077040, 0x00000206910770d8]
Event: 64.216 Thread 0x000002069db3f800 7163       1       org.jetbrains.kotlin.com.intellij.psi.impl.compiled.StubBuildingVisitor$MethodInfo::access$700 (5 bytes)
Event: 64.217 Thread 0x000002069db3f800 nmethod 7163 0x0000020691077190 code [0x0000020691077340, 0x00000206910773d8]
Event: 64.217 Thread 0x000002069db3f800 7164       1       org.jetbrains.kotlin.com.intellij.psi.impl.compiled.StubBuildingVisitor$MethodInfo::access$900 (5 bytes)
Event: 64.217 Thread 0x000002069db3f800 nmethod 7164 0x0000020691077490 code [0x0000020691077640, 0x00000206910776d8]
Event: 64.217 Thread 0x000002069db3f800 7174       2       org.jetbrains.org.objectweb.asm.ClassReader::getTypeAnnotationBytecodeOffset (34 bytes)
Event: 64.217 Thread 0x000002069db3f800 nmethod 7174 0x000002068a95a110 code [0x000002068a95a2c0, 0x000002068a95a498]
Event: 64.217 Thread 0x000002069db3f800 7169       1       org.jetbrains.kotlin.com.intellij.psi.impl.source.PsiJavaCodeReferenceElementImpl::hashCode (5 bytes)
Event: 64.217 Thread 0x000002069db3f800 nmethod 7169 0x0000020691077790 code [0x0000020691077940, 0x00000206910779f8]
Event: 64.217 Thread 0x000002069db3f800 7180       1       org.jetbrains.kotlin.resolve.calls.components.ReceiverInfo::isReceiver (5 bytes)
Event: 64.217 Thread 0x000002069db3f800 nmethod 7180 0x0000020691077a90 code [0x0000020691077c40, 0x0000020691077cf8]
Event: 64.217 Thread 0x000002069db3f800 7182       1       org.jetbrains.kotlin.resolve.BindingTraceFilter::getIgnoreDiagnostics (5 bytes)
Event: 64.217 Thread 0x000002069db3f800 nmethod 7182 0x0000020691077d90 code [0x0000020691077f40, 0x0000020691077ff8]
Event: 64.217 Thread 0x000002069db3f800 7181       1       org.jetbrains.kotlin.resolve.calls.tower.ExpressionKotlinCallArgumentImpl::getReceiver (5 bytes)
Event: 64.217 Thread 0x000002069db3f800 nmethod 7181 0x0000020691078090 code [0x0000020691078240, 0x00000206910782f8]

GC Heap History (20 events):
Event: 57.478 GC heap before
{Heap before GC invocations=30 (full 0):
 garbage-first heap   total 63488K, used 51960K [0x00000000c2c00000, 0x0000000100000000)
  region size 1024K, 6 young (6144K), 1 survivors (1024K)
 Metaspace       used 54514K, capacity 55287K, committed 55376K, reserved 1097728K
  class space    used 6168K, capacity 6464K, committed 6524K, reserved 1048576K
}
Event: 57.487 GC heap after
{Heap after GC invocations=31 (full 0):
 garbage-first heap   total 63488K, used 48010K [0x00000000c2c00000, 0x0000000100000000)
  region size 1024K, 1 young (1024K), 1 survivors (1024K)
 Metaspace       used 54514K, capacity 55287K, committed 55376K, reserved 1097728K
  class space    used 6168K, capacity 6464K, committed 6524K, reserved 1048576K
}
Event: 57.787 GC heap before
{Heap before GC invocations=31 (full 0):
 garbage-first heap   total 63488K, used 52106K [0x00000000c2c00000, 0x0000000100000000)
  region size 1024K, 5 young (5120K), 1 survivors (1024K)
 Metaspace       used 54922K, capacity 55652K, committed 56016K, reserved 1099776K
  class space    used 6214K, capacity 6501K, committed 6652K, reserved 1048576K
}
Event: 57.796 GC heap after
{Heap after GC invocations=32 (full 0):
 garbage-first heap   total 63488K, used 48755K [0x00000000c2c00000, 0x0000000100000000)
  region size 1024K, 1 young (1024K), 1 survivors (1024K)
 Metaspace       used 54922K, capacity 55652K, committed 56016K, reserved 1099776K
  class space    used 6214K, capacity 6501K, committed 6652K, reserved 1048576K
}
Event: 57.951 GC heap before
{Heap before GC invocations=32 (full 0):
 garbage-first heap   total 63488K, used 52851K [0x00000000c2c00000, 0x0000000100000000)
  region size 1024K, 5 young (5120K), 1 survivors (1024K)
 Metaspace       used 54940K, capacity 55653K, committed 56016K, reserved 1099776K
  class space    used 6214K, capacity 6501K, committed 6652K, reserved 1048576K
}
Event: 57.956 GC heap after
{Heap after GC invocations=33 (full 0):
 garbage-first heap   total 63488K, used 49094K [0x00000000c2c00000, 0x0000000100000000)
  region size 1024K, 1 young (1024K), 1 survivors (1024K)
 Metaspace       used 54940K, capacity 55653K, committed 56016K, reserved 1099776K
  class space    used 6214K, capacity 6501K, committed 6652K, reserved 1048576K
}
Event: 57.971 GC heap before
{Heap before GC invocations=33 (full 0):
 garbage-first heap   total 63488K, used 52166K [0x00000000c2c00000, 0x0000000100000000)
  region size 1024K, 4 young (4096K), 1 survivors (1024K)
 Metaspace       used 54953K, capacity 55653K, committed 56016K, reserved 1099776K
  class space    used 6214K, capacity 6501K, committed 6652K, reserved 1048576K
}
Event: 57.976 GC heap after
{Heap after GC invocations=34 (full 0):
 garbage-first heap   total 76800K, used 49262K [0x00000000c2c00000, 0x0000000100000000)
  region size 1024K, 1 young (1024K), 1 survivors (1024K)
 Metaspace       used 54953K, capacity 55653K, committed 56016K, reserved 1099776K
  class space    used 6214K, capacity 6501K, committed 6652K, reserved 1048576K
}
Event: 58.440 GC heap before
{Heap before GC invocations=35 (full 0):
 garbage-first heap   total 76800K, used 55406K [0x00000000c2c00000, 0x0000000100000000)
  region size 1024K, 8 young (8192K), 1 survivors (1024K)
 Metaspace       used 55595K, capacity 56300K, committed 56528K, reserved 1099776K
  class space    used 6294K, capacity 6567K, committed 6652K, reserved 1048576K
}
Event: 58.446 GC heap after
{Heap after GC invocations=36 (full 0):
 garbage-first heap   total 76800K, used 50167K [0x00000000c2c00000, 0x0000000100000000)
  region size 1024K, 1 young (1024K), 1 survivors (1024K)
 Metaspace       used 55595K, capacity 56300K, committed 56528K, reserved 1099776K
  class space    used 6294K, capacity 6567K, committed 6652K, reserved 1048576K
}
Event: 58.748 GC heap before
{Heap before GC invocations=36 (full 0):
 garbage-first heap   total 76800K, used 58359K [0x00000000c2c00000, 0x0000000100000000)
  region size 1024K, 9 young (9216K), 1 survivors (1024K)
 Metaspace       used 55690K, capacity 56406K, committed 56528K, reserved 1099776K
  class space    used 6301K, capacity 6603K, committed 6652K, reserved 1048576K
}
Event: 58.758 GC heap after
{Heap after GC invocations=37 (full 0):
 garbage-first heap   total 76800K, used 51568K [0x00000000c2c00000, 0x0000000100000000)
  region size 1024K, 2 young (2048K), 2 survivors (2048K)
 Metaspace       used 55690K, capacity 56406K, committed 56528K, reserved 1099776K
  class space    used 6301K, capacity 6603K, committed 6652K, reserved 1048576K
}
Event: 58.989 GC heap before
{Heap before GC invocations=38 (full 0):
 garbage-first heap   total 76800K, used 58736K [0x00000000c2c00000, 0x0000000100000000)
  region size 1024K, 9 young (9216K), 2 survivors (2048K)
 Metaspace       used 55852K, capacity 56610K, committed 56784K, reserved 1099776K
  class space    used 6317K, capacity 6607K, committed 6652K, reserved 1048576K
}
Event: 58.998 GC heap after
{Heap after GC invocations=39 (full 0):
 garbage-first heap   total 76800K, used 52460K [0x00000000c2c00000, 0x0000000100000000)
  region size 1024K, 1 young (1024K), 1 survivors (1024K)
 Metaspace       used 55852K, capacity 56610K, committed 56784K, reserved 1099776K
  class space    used 6317K, capacity 6607K, committed 6652K, reserved 1048576K
}
Event: 59.330 GC heap before
{Heap before GC invocations=39 (full 0):
 garbage-first heap   total 76800K, used 59628K [0x00000000c2c00000, 0x0000000100000000)
  region size 1024K, 8 young (8192K), 1 survivors (1024K)
 Metaspace       used 56525K, capacity 57295K, committed 57424K, reserved 1099776K
  class space    used 6407K, capacity 6706K, committed 6780K, reserved 1048576K
}
Event: 59.337 GC heap after
{Heap after GC invocations=40 (full 0):
 garbage-first heap   total 76800K, used 53376K [0x00000000c2c00000, 0x0000000100000000)
  region size 1024K, 1 young (1024K), 1 survivors (1024K)
 Metaspace       used 56525K, capacity 57295K, committed 57424K, reserved 1099776K
  class space    used 6407K, capacity 6706K, committed 6780K, reserved 1048576K
}
Event: 60.353 GC heap before
{Heap before GC invocations=41 (full 0):
 garbage-first heap   total 76800K, used 60544K [0x00000000c2c00000, 0x0000000100000000)
  region size 1024K, 8 young (8192K), 1 survivors (1024K)
 Metaspace       used 57188K, capacity 57930K, committed 58064K, reserved 1099776K
  class space    used 6497K, capacity 6790K, committed 6908K, reserved 1048576K
}
Event: 60.362 GC heap after
{Heap after GC invocations=42 (full 0):
 garbage-first heap   total 94208K, used 53841K [0x00000000c2c00000, 0x0000000100000000)
  region size 1024K, 1 young (1024K), 1 survivors (1024K)
 Metaspace       used 57188K, capacity 57930K, committed 58064K, reserved 1099776K
  class space    used 6497K, capacity 6790K, committed 6908K, reserved 1048576K
}
Event: 63.593 GC heap before
{Heap before GC invocations=42 (full 0):
 garbage-first heap   total 94208K, used 67153K [0x00000000c2c00000, 0x0000000100000000)
  region size 1024K, 14 young (14336K), 1 survivors (1024K)
 Metaspace       used 60463K, capacity 61291K, committed 61392K, reserved 1103872K
  class space    used 7008K, capacity 7337K, committed 7420K, reserved 1048576K
}
Event: 63.603 GC heap after
{Heap after GC invocations=43 (full 0):
 garbage-first heap   total 94208K, used 54867K [0x00000000c2c00000, 0x0000000100000000)
  region size 1024K, 2 young (2048K), 2 survivors (2048K)
 Metaspace       used 60463K, capacity 61291K, committed 61392K, reserved 1103872K
  class space    used 7008K, capacity 7337K, committed 7420K, reserved 1048576K
}

Deoptimization events (20 events):
Event: 62.782 Thread 0x0000020685799000 DEOPT PACKING pc=0x0000020691038e54 sp=0x000000a3158faa40
Event: 62.782 Thread 0x0000020685799000 DEOPT UNPACKING pc=0x00000206892c62a9 sp=0x000000a3158fa9c8 mode 2
Event: 62.919 Thread 0x0000020685799000 Uncommon trap: trap_request=0xffffff4d fr.pc=0x0000020690fb89bc relative=0x000000000000105c
Event: 62.919 Thread 0x0000020685799000 Uncommon trap: reason=unstable_if action=reinterpret pc=0x0000020690fb89bc method=org.jetbrains.kotlin.resolve.DescriptorUtils.getFqNameSafeIfPossible(Lorg/jetbrains/kotlin/descriptors/DeclarationDescriptor;)Lorg/jetbrains/kotlin/name/FqName; @ 12 c2
Event: 62.919 Thread 0x0000020685799000 DEOPT PACKING pc=0x0000020690fb89bc sp=0x000000a3158fcb30
Event: 62.919 Thread 0x0000020685799000 DEOPT UNPACKING pc=0x00000206892c62a9 sp=0x000000a3158fcaa0 mode 2
Event: 62.919 Thread 0x0000020685799000 Uncommon trap: trap_request=0xffffff4d fr.pc=0x0000020690fb8a90 relative=0x0000000000001130
Event: 62.919 Thread 0x0000020685799000 Uncommon trap: reason=unstable_if action=reinterpret pc=0x0000020690fb8a90 method=org.jetbrains.kotlin.name.FqNameUnsafe.child(Lorg/jetbrains/kotlin/name/Name;)Lorg/jetbrains/kotlin/name/FqNameUnsafe; @ 13 c2
Event: 62.919 Thread 0x0000020685799000 DEOPT PACKING pc=0x0000020690fb8a90 sp=0x000000a3158fcba0
Event: 62.919 Thread 0x0000020685799000 DEOPT UNPACKING pc=0x00000206892c62a9 sp=0x000000a3158fc9c8 mode 2
Event: 64.046 Thread 0x0000020685799000 Uncommon trap: trap_request=0xffffffde fr.pc=0x0000020691044298 relative=0x0000000000002498
Event: 64.046 Thread 0x0000020685799000 Uncommon trap: reason=class_check action=maybe_recompile pc=0x0000020691044298 method=org.jetbrains.org.objectweb.asm.ClassReader.readElementValue(Lorg/jetbrains/org/objectweb/asm/AnnotationVisitor;ILjava/lang/String;[C)I @ 593 c2
Event: 64.046 Thread 0x0000020685799000 DEOPT PACKING pc=0x0000020691044298 sp=0x000000a3158fa070
Event: 64.046 Thread 0x0000020685799000 DEOPT UNPACKING pc=0x00000206892c62a9 sp=0x000000a3158f9ff0 mode 2
Event: 64.109 Thread 0x0000020685799000 DEOPT PACKING pc=0x000002068a0191ba sp=0x000000a3158fb420
Event: 64.109 Thread 0x0000020685799000 DEOPT UNPACKING pc=0x00000206892c66bf sp=0x000000a3158fa978 mode 0
Event: 64.165 Thread 0x0000020685799000 DEOPT PACKING pc=0x0000020689e9aca2 sp=0x000000a3158fb1c0
Event: 64.165 Thread 0x0000020685799000 DEOPT UNPACKING pc=0x00000206892c66bf sp=0x000000a3158fa688 mode 0
Event: 64.169 Thread 0x0000020685799000 DEOPT PACKING pc=0x000002068a02d25b sp=0x000000a3158f8ef0
Event: 64.169 Thread 0x0000020685799000 DEOPT UNPACKING pc=0x00000206892c66bf sp=0x000000a3158f8390 mode 0

Classes redefined (0 events):
No events

Internal exceptions (20 events):
Event: 45.537 Thread 0x0000020685799000 Exception <a 'java/lang/NoSuchMethodError'{0x00000000c6423bb0}: 'java.lang.Object java.lang.invoke.Invokers$Holder.linkToTargetMethod(java.lang.Object, java.lang.Object, int, java.lang.Object)'> (0x00000000c6423bb0) thrown at [./src/hotspot/share/interpreter/linkResolver.cpp, line 773]
Event: 54.945 Thread 0x0000020685799000 Exception <a 'java/lang/NoSuchMethodError'{0x00000000c6304858}: 'java.lang.Object java.lang.invoke.DirectMethodHandle$Holder.invokeSpecial(java.lang.Object, java.lang.Object, java.lang.Object, java.lang.Object, java.lang.Object, java.lang.Object, java.lang.Object, java.lang.Object, java.lang.Object)'> (0x00000000c6304858) thrown at [./src/hotspot/share/interpreter/linkResolver.cpp, line 773]
Event: 54.945 Thread 0x0000020685799000 Exception <a 'java/lang/NoSuchMethodError'{0x00000000c6308a50}: 'java.lang.Object java.lang.invoke.Invokers$Holder.linkToTargetMethod(java.lang.Object, java.lang.Object, java.lang.Object, java.lang.Object, java.lang.Object, java.lang.Object, java.lang.Object, java.lang.Object)'> (0x00000000c6308a50) thrown at [./src/hotspot/share/interpreter/linkResolver.cpp, line 773]
Event: 55.961 Thread 0x0000020685799000 Exception <a 'java/lang/NoSuchMethodError'{0x00000000c67f15c0}: 'java.lang.Object java.lang.invoke.DirectMethodHandle$Holder.invokeStaticInit(java.lang.Object, java.lang.Object, java.lang.Object)'> (0x00000000c67f15c0) thrown at [./src/hotspot/share/interpreter/linkResolver.cpp, line 773]
Event: 57.613 Thread 0x0000020685799000 Exception <a 'java/lang/NoSuchMethodError'{0x00000000c67602d0}: 'int java.lang.invoke.DirectMethodHandle$Holder.invokeStaticInit(java.lang.Object, int)'> (0x00000000c67602d0) thrown at [./src/hotspot/share/interpreter/linkResolver.cpp, line 773]
Event: 57.688 Thread 0x0000020685799000 Exception <a 'java/lang/NoSuchMethodError'{0x00000000c67e1dc8}: 'java.lang.Object java.lang.invoke.Invokers$Holder.linkToTargetMethod(java.lang.Object, java.lang.Object, java.lang.Object, java.lang.Object, java.lang.Object, java.lang.Object)'> (0x00000000c67e1dc8) thrown at [./src/hotspot/share/interpreter/linkResolver.cpp, line 773]
Event: 58.146 Thread 0x0000020685799000 Implicit null exception at 0x0000020690feec7f to 0x0000020690feff74
Event: 58.517 Thread 0x0000020685799000 Exception <a 'java/lang/NoSuchMethodError'{0x00000000c764dc00}: 'java.lang.Object java.lang.invoke.DirectMethodHandle$Holder.invokeStatic(java.lang.Object, int, java.lang.Object, java.lang.Object)'> (0x00000000c764dc00) thrown at [./src/hotspot/share/interpreter/linkResolver.cpp, line 773]
Event: 58.518 Thread 0x0000020685799000 Exception <a 'java/lang/NoSuchMethodError'{0x00000000c7658328}: 'int java.lang.invoke.DirectMethodHandle$Holder.invokeInterface(java.lang.Object, java.lang.Object)'> (0x00000000c7658328) thrown at [./src/hotspot/share/interpreter/linkResolver.cpp, line 773]
Event: 59.055 Thread 0x0000020685799000 Implicit null exception at 0x0000020690f0355d to 0x0000020690f0477c
Event: 59.069 Thread 0x0000020685799000 Implicit null exception at 0x0000020690e9d84c to 0x0000020690e9d928
Event: 59.570 Thread 0x0000020685799000 Exception <a 'java/lang/NoSuchMethodError'{0x00000000c7157fb8}: 'java.lang.Object java.lang.invoke.Invokers$Holder.linkToTargetMethod(java.lang.Object, java.lang.Object, java.lang.Object, int, int, java.lang.Object)'> (0x00000000c7157fb8) thrown at [./src/hotspot/share/interpreter/linkResolver.cpp, line 773]
Event: 60.394 Thread 0x0000020685799000 Exception <a 'java/lang/NoSuchMethodError'{0x00000000c873d370}: 'int java.lang.invoke.DirectMethodHandle$Holder.invokeVirtual(java.lang.Object, java.lang.Object, java.lang.Object)'> (0x00000000c873d370) thrown at [./src/hotspot/share/interpreter/linkResolver.cpp, line 773]
Event: 61.923 Thread 0x0000020685799000 Exception <a 'java/lang/NoSuchMethodError'{0x00000000c830b488}: 'java.lang.Object java.lang.invoke.DirectMethodHandle$Holder.invokeSpecial(java.lang.Object, java.lang.Object, java.lang.Object, java.lang.Object, java.lang.Object, int)'> (0x00000000c830b488) thrown at [./src/hotspot/share/interpreter/linkResolver.cpp, line 773]
Event: 61.923 Thread 0x0000020685799000 Exception <a 'java/lang/NoSuchMethodError'{0x00000000c830f2d0}: 'java.lang.Object java.lang.invoke.Invokers$Holder.linkToTargetMethod(java.lang.Object, java.lang.Object, java.lang.Object, int, java.lang.Object)'> (0x00000000c830f2d0) thrown at [./src/hotspot/share/interpreter/linkResolver.cpp, line 773]
Event: 62.664 Thread 0x0000020685799000 Exception <a 'java/lang/IncompatibleClassChangeError'{0x00000000c81c4250}: Found class java.lang.Object, but interface was expected> (0x00000000c81c4250) thrown at [./src/hotspot/share/interpreter/linkResolver.cpp, line 839]
Event: 62.713 Thread 0x0000020685799000 Implicit null exception at 0x0000020691019c9e to 0x000002069101aa0f
Event: 62.845 Thread 0x0000020685799000 Exception <a 'java/lang/NoSuchMethodError'{0x00000000c7e22628}: 'java.lang.Object java.lang.invoke.Invokers$Holder.linkToTargetMethod(java.lang.Object, java.lang.Object, java.lang.Object, java.lang.Object, java.lang.Object, java.lang.Object, java.lang.Object)'> (0x00000000c7e22628) thrown at [./src/hotspot/share/interpreter/linkResolver.cpp, line 773]
Event: 63.291 Thread 0x0000020685799000 Exception <a 'java/lang/NoSuchMethodError'{0x00000000c7c6ce78}: 'java.lang.Object java.lang.invoke.DirectMethodHandle$Holder.invokeInterface(java.lang.Object, java.lang.Object, java.lang.Object)'> (0x00000000c7c6ce78) thrown at [./src/hotspot/share/interpreter/linkResolver.cpp, line 773]
Event: 63.291 Thread 0x0000020685799000 Exception <a 'java/lang/IncompatibleClassChangeError'{0x00000000c7c70350}: Found class java.lang.Object, but interface was expected> (0x00000000c7c70350) thrown at [./src/hotspot/share/interpreter/linkResolver.cpp, line 839]

Events (20 events):
Event: 64.058 loading class org/jetbrains/kotlin/load/java/sam/JavaBasedSamConversionResolver
Event: 64.058 loading class org/jetbrains/kotlin/load/java/sam/JavaBasedSamConversionResolver done
Event: 64.058 loading class org/jetbrains/kotlin/load/java/sam/JavaBasedSamConversionOracle
Event: 64.058 loading class org/jetbrains/kotlin/load/java/sam/JavaBasedSamConversionOracle done
Event: 64.059 loading class org/jetbrains/kotlin/resolve/calls/components/CollectionTypeVariableUsagesInfo$getDependentTypeParameters$dependentTypeParameters$1$1$suitableUpperBound$1$1$1
Event: 64.059 loading class org/jetbrains/kotlin/resolve/calls/components/CollectionTypeVariableUsagesInfo$getDependentTypeParameters$dependentTypeParameters$1$1$suitableUpperBound$1$1$1 done
Event: 64.083 loading class org/jetbrains/kotlin/resolve/jvm/RuntimeAssertionsKt
Event: 64.083 loading class org/jetbrains/kotlin/resolve/jvm/RuntimeAssertionsKt done
Event: 64.103 loading class org/jetbrains/kotlin/resolve/jvm/JvmBindingContextSlices
Event: 64.103 loading class org/jetbrains/kotlin/resolve/jvm/JvmBindingContextSlices done
Event: 64.137 loading class org/jetbrains/kotlin/com/intellij/psi/impl/source/PsiParameterImpl
Event: 64.137 loading class org/jetbrains/kotlin/com/intellij/psi/impl/source/PsiParameterImpl done
Event: 64.151 loading class org/jetbrains/kotlin/com/intellij/psi/PsiLambdaParameterType
Event: 64.151 loading class org/jetbrains/kotlin/com/intellij/psi/PsiLambdaParameterType done
Event: 64.152 loading class org/jetbrains/kotlin/load/java/structure/impl/JavaValueParameterImpl
Event: 64.152 loading class org/jetbrains/kotlin/load/java/structure/impl/JavaValueParameterImpl done
Event: 64.152 Executing VM operation: Deoptimize
Event: 64.154 Executing VM operation: Deoptimize done
Event: 64.161 loading class org/jetbrains/kotlin/com/intellij/psi/impl/compiled/ClsParameterImpl
Event: 64.161 loading class org/jetbrains/kotlin/com/intellij/psi/impl/compiled/ClsParameterImpl done


Dynamic libraries:
0x00007ff6fbc20000 - 0x00007ff6fbc2a000 	C:\Program Files\Android\Android Studio\jre\bin\java.exe
0x00007ffbe7f90000 - 0x00007ffbe8188000 	C:\WINDOWS\SYSTEM32\ntdll.dll
0x00007ffbe5ff0000 - 0x00007ffbe60ad000 	C:\WINDOWS\System32\KERNEL32.DLL
0x00007ffbe5820000 - 0x00007ffbe5aee000 	C:\WINDOWS\System32\KERNELBASE.dll
0x00007ffbe5720000 - 0x00007ffbe5820000 	C:\WINDOWS\System32\ucrtbase.dll
0x00007ffbd9990000 - 0x00007ffbd99a7000 	C:\Program Files\Android\Android Studio\jre\bin\VCRUNTIME140.dll
0x00007ffbdbb10000 - 0x00007ffbdbb29000 	C:\Program Files\Android\Android Studio\jre\bin\jli.dll
0x00007ffbe65f0000 - 0x00007ffbe6790000 	C:\WINDOWS\System32\USER32.dll
0x00007ffbe5c50000 - 0x00007ffbe5c72000 	C:\WINDOWS\System32\win32u.dll
0x00007ffbe6830000 - 0x00007ffbe685a000 	C:\WINDOWS\System32\GDI32.dll
0x00007ffbe5cd0000 - 0x00007ffbe5ddb000 	C:\WINDOWS\System32\gdi32full.dll
0x00007ffbe5f50000 - 0x00007ffbe5fed000 	C:\WINDOWS\System32\msvcp_win.dll
0x00007ffbd8110000 - 0x00007ffbd83aa000 	C:\WINDOWS\WinSxS\amd64_microsoft.windows.common-controls_6595b64144ccf1df_6.0.19041.1110_none_60b5254171f9507e\COMCTL32.dll
0x00007ffbe6c00000 - 0x00007ffbe6c9e000 	C:\WINDOWS\System32\msvcrt.dll
0x00007ffbe6800000 - 0x00007ffbe6830000 	C:\WINDOWS\System32\IMM32.DLL
0x00007ffbc5af0000 - 0x00007ffbc5b8d000 	C:\Program Files\Android\Android Studio\jre\bin\msvcp140.dll
0x00007ffbb8ba0000 - 0x00007ffbb9675000 	C:\Program Files\Android\Android Studio\jre\bin\server\jvm.dll
0x00007ffbe7010000 - 0x00007ffbe70be000 	C:\WINDOWS\System32\ADVAPI32.dll
0x00007ffbe63f0000 - 0x00007ffbe648c000 	C:\WINDOWS\System32\sechost.dll
0x00007ffbe61e0000 - 0x00007ffbe6305000 	C:\WINDOWS\System32\RPCRT4.dll
0x00007ffbe6bf0000 - 0x00007ffbe6bf8000 	C:\WINDOWS\System32\PSAPI.DLL
0x00007ffbe1580000 - 0x00007ffbe1589000 	C:\WINDOWS\SYSTEM32\WSOCK32.dll
0x00007ffbe6790000 - 0x00007ffbe67fb000 	C:\WINDOWS\System32\WS2_32.dll
0x00007ffbd8e50000 - 0x00007ffbd8e77000 	C:\WINDOWS\SYSTEM32\WINMM.dll
0x00007ffbe5390000 - 0x00007ffbe539a000 	C:\WINDOWS\SYSTEM32\VERSION.dll
0x00007ffbe3540000 - 0x00007ffbe3552000 	C:\WINDOWS\SYSTEM32\kernel.appcore.dll
0x00007ffbe1540000 - 0x00007ffbe1551000 	C:\Program Files\Android\Android Studio\jre\bin\verify.dll
0x00007ffbd7d10000 - 0x00007ffbd7ef4000 	C:\WINDOWS\SYSTEM32\DBGHELP.DLL
0x00007ffbd6940000 - 0x00007ffbd696c000 	C:\WINDOWS\SYSTEM32\dbgcore.DLL
0x00007ffbe5ec0000 - 0x00007ffbe5f42000 	C:\WINDOWS\System32\bcryptPrimitives.dll
0x00007ffbe1510000 - 0x00007ffbe1539000 	C:\Program Files\Android\Android Studio\jre\bin\java.dll
0x00007ffbe1500000 - 0x00007ffbe150b000 	C:\Program Files\Android\Android Studio\jre\bin\jimage.dll
0x00007ffbe14e0000 - 0x00007ffbe14f8000 	C:\Program Files\Android\Android Studio\jre\bin\zip.dll
0x00007ffbe7680000 - 0x00007ffbe7dc4000 	C:\WINDOWS\System32\SHELL32.dll
0x00007ffbe3740000 - 0x00007ffbe3ed4000 	C:\WINDOWS\SYSTEM32\windows.storage.dll
0x00007ffbe6cb0000 - 0x00007ffbe7004000 	C:\WINDOWS\System32\combase.dll
0x00007ffbe4fd0000 - 0x00007ffbe5000000 	C:\WINDOWS\SYSTEM32\Wldp.dll
0x00007ffbe75d0000 - 0x00007ffbe767d000 	C:\WINDOWS\System32\SHCORE.dll
0x00007ffbe6a10000 - 0x00007ffbe6a65000 	C:\WINDOWS\System32\shlwapi.dll
0x00007ffbe55f0000 - 0x00007ffbe560f000 	C:\WINDOWS\SYSTEM32\profapi.dll
0x00007ffbe14c0000 - 0x00007ffbe14da000 	C:\Program Files\Android\Android Studio\jre\bin\net.dll
0x00007ffbdc8d0000 - 0x00007ffbdc9da000 	C:\WINDOWS\SYSTEM32\WINHTTP.dll
0x00007ffbe4d30000 - 0x00007ffbe4d9a000 	C:\WINDOWS\system32\mswsock.dll
0x00007ffbe14a0000 - 0x00007ffbe14b4000 	C:\Program Files\Android\Android Studio\jre\bin\nio.dll

dbghelp: loaded successfully - version: 4.0.5 - missing functions: none
symbol engine: initialized successfully - sym options: 0x614 - pdb path: .;C:\Program Files\Android\Android Studio\jre\bin;C:\WINDOWS\SYSTEM32;C:\WINDOWS\WinSxS\amd64_microsoft.windows.common-controls_6595b64144ccf1df_6.0.19041.1110_none_60b5254171f9507e;C:\Program Files\Android\Android Studio\jre\bin\server

VM Arguments:
java_command: org.jetbrains.kotlin.cli.jvm.K2JVMCompiler @C:\Users\Lenovo\AndroidStudioProjects\NewsApp\app\build\20220716_7149263735356192139.compiler.options
java_class_path (initial): C:\Users\Lenovo\.gradle\caches\modules-2\files-2.1\org.jetbrains.kotlin\kotlin-compiler-embeddable\1.5.30\3362a354066df1578a057c200da23cf2a1d8144f\kotlin-compiler-embeddable-1.5.30.jar;C:\Users\Lenovo\.gradle\caches\modules-2\files-2.1\org.jetbrains.kotlin\kotlin-reflect\1.5.30\6773e974437dd6432aa646cc2f8ab71de42b5773\kotlin-reflect-1.5.30.jar;C:\Users\Lenovo\.gradle\caches\modules-2\files-2.1\org.jetbrains.kotlin\kotlin-stdlib\1.5.30\d68efdea04955974ac1020f8f66ef8176bfbce1f\kotlin-stdlib-1.5.30.jar;C:\Users\Lenovo\.gradle\caches\modules-2\files-2.1\org.jetbrains.kotlin\kotlin-script-runtime\1.5.30\10697ab20bfd2f1b23baa91306950c36c4e89a8d\kotlin-script-runtime-1.5.30.jar;C:\Users\Lenovo\.gradle\caches\modules-2\files-2.1\org.jetbrains.kotlin\kotlin-daemon-embeddable\1.5.30\e355dc9011e559a475608265607948109e113ae0\kotlin-daemon-embeddable-1.5.30.jar;C:\Users\Lenovo\.gradle\caches\modules-2\files-2.1\org.jetbrains.intellij.deps\trove4j\1.0.20181211\216c2e14b070f334479d800987affe4054cd563f\trove4j-1.0.20181211.jar;C:\Users\Lenovo\.gradle\caches\modules-2\files-2.1\org.jetbrains\annotations\13.0\919f0dfe192fb4e063e7dacadee7f8bb9a2672a9\annotations-13.0.jar;C:\Users\Lenovo\.gradle\caches\modules-2\files-2.1\org.jetbrains.kotlin\kotlin-stdlib-common\1.5.30\649ffab7767038323fec0cc41e2d7b0a8f65a378\kotlin-stdlib-common-1.5.30.jar
Launcher Type: SUN_STANDARD

[Global flags]
     intx CICompilerCount                          = 3                                         {product} {ergonomic}
     uint ConcGCThreads                            = 1                                         {product} {ergonomic}
     uint G1ConcRefinementThreads                  = 4                                         {product} {ergonomic}
   size_t G1HeapRegionSize                         = 1048576                                   {product} {ergonomic}
    uintx GCDrainStackTargetSize                   = 64                                        {product} {ergonomic}
   size_t InitialHeapSize                          = 65011712                                  {product} {ergonomic}
   size_t MarkStackSize                            = 4194304                                   {product} {ergonomic}
   size_t MaxHeapSize                              = 1027604480                                {product} {ergonomic}
   size_t MaxNewSize                               = 616562688                                 {product} {ergonomic}
   size_t MinHeapDeltaBytes                        = 1048576                                   {product} {ergonomic}
    uintx NonNMethodCodeHeapSize                   = 5830732                                {pd product} {ergonomic}
    uintx NonProfiledCodeHeapSize                  = 122913754                              {pd product} {ergonomic}
    uintx ProfiledCodeHeapSize                     = 122913754                              {pd product} {ergonomic}
    uintx ReservedCodeCacheSize                    = 251658240                              {pd product} {ergonomic}
     bool SegmentedCodeCache                       = true                                      {product} {ergonomic}
     bool UseCompressedClassPointers               = true                                 {lp64_product} {ergonomic}
     bool UseCompressedOops                        = true                                 {lp64_product} {ergonomic}
     bool UseG1GC                                  = true                                      {product} {ergonomic}
     bool UseLargePagesIndividualAllocation        = false                                  {pd product} {ergonomic}

Logging:
Log output configuration:
 #0: stdout all=warning uptime,level,tags
 #1: stderr all=off uptime,level,tags

Environment Variables:
PATH=C:\WINDOWS\system32;C:\WINDOWS;C:\WINDOWS\System32\Wbem;C:\WINDOWS\System32\WindowsPowerShell\v1.0\;C:\WINDOWS\System32\OpenSSH\;C:\Program Files\Git\cmd;C:\Users\Lenovo\AppData\Local\Microsoft\WindowsApps;;C:\Program Files\JetBrains\IntelliJ IDEA 2021.2.3\bin;
USERNAME=Lenovo
OS=Windows_NT
PROCESSOR_IDENTIFIER=Intel64 Family 6 Model 122 Stepping 1, GenuineIntel



---------------  S Y S T E M  ---------------

OS: Windows 10 , 64 bit Build 19041 (10.0.19041.1806)
OS uptime: 0 days 0:51 hours

CPU:total 4 (initial active 4) (4 cores per cpu, 1 threads per core) family 6 model 122 stepping 1 microcode 0x2e, cmov, cx8, fxsr, mmx, sse, sse2, sse3, ssse3, sse4.1, sse4.2, popcnt, aes, clmul, erms, 3dnowpref, tsc, tscinvbit, sha

Memory: 4k page, system-wide physical 3918M (305M free)
TotalPageFile size 8270M (AvailPageFile size 1956M)
current process WorkingSet (physical memory assigned to process): 245M, peak: 248M
current process commit charge ("private bytes"): 278M, peak: 280M

vm_info: OpenJDK 64-Bit Server VM (11.0.11+9-b60-7590822) for windows-amd64 JRE (11.0.11+9-b60-7590822), built on Jul 29 2021 21:43:44 by "builder" with MS VC++ 14.0 (VS2015)

END.
